2020-11-27 00:21:03
Full thread dump Java HotSpot(TM) 64-Bit Server VM (25.161-b12 mixed mode):

"Attach Listener" #13 daemon prio=9 os_prio=31 tid=0x00007fbda2800000 nid=0x1107 waiting on condition [0x0000000000000000]
   java.lang.Thread.State: RUNNABLE

   Locked ownable synchronizers:
	- None

"DestroyJavaVM" #12 prio=5 os_prio=31 tid=0x00007fbda01c3000 nid=0x2603 waiting on condition [0x0000000000000000]
   java.lang.Thread.State: RUNNABLE

   Locked ownable synchronizers:
	- None

"Thread-1" #11 prio=5 os_prio=31 tid=0x00007fbda01c2000 nid=0xa903 waiting on condition [0x0000700003e8c000]
   java.lang.Thread.State: WAITING (parking)
	at sun.misc.Unsafe.park(Native Method)
	- parking to wait for  <0x000000076abbc1b8> (a java.util.concurrent.locks.ReentrantReadWriteLock$NonfairSync)
	at java.util.concurrent.locks.LockSupport.park(LockSupport.java:175)
	at java.util.concurrent.locks.AbstractQueuedSynchronizer.parkAndCheckInterrupt(AbstractQueuedSynchronizer.java:836)
	at java.util.concurrent.locks.AbstractQueuedSynchronizer.acquireQueued(AbstractQueuedSynchronizer.java:870)
	at java.util.concurrent.locks.AbstractQueuedSynchronizer.acquire(AbstractQueuedSynchronizer.java:1199)
	at java.util.concurrent.locks.ReentrantReadWriteLock$WriteLock.lock(ReentrantReadWriteLock.java:943)
	at org.jack.thread01.ThreadService.method2(ThreadService.java:50)
	at org.jack.thread01.DealLockTest.lambda$1(DealLockTest.java:11)
	at org.jack.thread01.DealLockTest$$Lambda$2/295530567.run(Unknown Source)
	at java.lang.Thread.run(Thread.java:748)

   Locked ownable synchronizers:
	- None

"Thread-0" #10 prio=5 os_prio=31 tid=0x00007fbda01be800 nid=0x5503 waiting on condition [0x0000700003d89000]
   java.lang.Thread.State: WAITING (parking)
	at sun.misc.Unsafe.park(Native Method)
	- parking to wait for  <0x000000076abbc1b8> (a java.util.concurrent.locks.ReentrantReadWriteLock$NonfairSync)
	at java.util.concurrent.locks.LockSupport.park(LockSupport.java:175)
	at java.util.concurrent.locks.AbstractQueuedSynchronizer.parkAndCheckInterrupt(AbstractQueuedSynchronizer.java:836)
	at java.util.concurrent.locks.AbstractQueuedSynchronizer.acquireQueued(AbstractQueuedSynchronizer.java:870)
	at java.util.concurrent.locks.AbstractQueuedSynchronizer.acquire(AbstractQueuedSynchronizer.java:1199)
	at java.util.concurrent.locks.ReentrantReadWriteLock$WriteLock.lock(ReentrantReadWriteLock.java:943)
	at org.jack.thread01.ThreadService.method3(ThreadService.java:68)
	at org.jack.thread01.ThreadService.method1(ThreadService.java:31)
	at org.jack.thread01.DealLockTest.lambda$0(DealLockTest.java:7)
	at org.jack.thread01.DealLockTest$$Lambda$1/250421012.run(Unknown Source)
	at java.lang.Thread.run(Thread.java:748)

   Locked ownable synchronizers:
	- None

"Service Thread" #9 daemon prio=9 os_prio=31 tid=0x00007fbda0003800 nid=0x3d03 runnable [0x0000000000000000]
   java.lang.Thread.State: RUNNABLE

   Locked ownable synchronizers:
	- None

"C1 CompilerThread3" #8 daemon prio=9 os_prio=31 tid=0x00007fbda204f800 nid=0x3903 waiting on condition [0x0000000000000000]
   java.lang.Thread.State: RUNNABLE

   Locked ownable synchronizers:
	- None

"C2 CompilerThread2" #7 daemon prio=9 os_prio=31 tid=0x00007fbd9f038000 nid=0x3703 waiting on condition [0x0000000000000000]
   java.lang.Thread.State: RUNNABLE

   Locked ownable synchronizers:
	- None

"C2 CompilerThread1" #6 daemon prio=9 os_prio=31 tid=0x00007fbda2037000 nid=0x4003 waiting on condition [0x0000000000000000]
   java.lang.Thread.State: RUNNABLE

   Locked ownable synchronizers:
	- None

"C2 CompilerThread0" #5 daemon prio=9 os_prio=31 tid=0x00007fbda2036800 nid=0x3603 waiting on condition [0x0000000000000000]
   java.lang.Thread.State: RUNNABLE

   Locked ownable synchronizers:
	- None

"Signal Dispatcher" #4 daemon prio=9 os_prio=31 tid=0x00007fbda202d800 nid=0x4303 runnable [0x0000000000000000]
   java.lang.Thread.State: RUNNABLE

   Locked ownable synchronizers:
	- None

"Finalizer" #3 daemon prio=8 os_prio=31 tid=0x00007fbd9f003800 nid=0x3103 in Object.wait() [0x0000700003571000]
   java.lang.Thread.State: WAITING (on object monitor)
	at java.lang.Object.wait(Native Method)
	- waiting on <0x000000076ab08ec0> (a java.lang.ref.ReferenceQueue$Lock)
	at java.lang.ref.ReferenceQueue.remove(ReferenceQueue.java:143)
	- locked <0x000000076ab08ec0> (a java.lang.ref.ReferenceQueue$Lock)
	at java.lang.ref.ReferenceQueue.remove(ReferenceQueue.java:164)
	at java.lang.ref.Finalizer$FinalizerThread.run(Finalizer.java:209)

   Locked ownable synchronizers:
	- None

"Reference Handler" #2 daemon prio=10 os_prio=31 tid=0x00007fbda1002800 nid=0x3003 in Object.wait() [0x000070000346e000]
   java.lang.Thread.State: WAITING (on object monitor)
	at java.lang.Object.wait(Native Method)
	- waiting on <0x000000076ab06b68> (a java.lang.ref.Reference$Lock)
	at java.lang.Object.wait(Object.java:502)
	at java.lang.ref.Reference.tryHandlePending(Reference.java:191)
	- locked <0x000000076ab06b68> (a java.lang.ref.Reference$Lock)
	at java.lang.ref.Reference$ReferenceHandler.run(Reference.java:153)

   Locked ownable synchronizers:
	- None

JNI global references: 311

